<?xml version="1.0" encoding="UTF-8"?>
<!-- Generated by org.testng.reporters.JUnitReportReporter -->
<testsuite skipped="0" hostname="PKLAPTOP" name="introRestAssured.PrintAllHeaders" tests="1" failures="0" timestamp="2021-03-04T21:32:18 EST" time="2.863" errors="0">
  <testcase name="printHeadersDetails" time="2.863" classname="introRestAssured.PrintAllHeaders"/>
  <system-out/>
</testsuite> <!-- introRestAssured.PrintAllHeaders -->
