<?xml version="1.0" encoding="UTF-8"?>
<!-- Generated by org.testng.reporters.JUnitReportReporter -->
<testsuite skipped="0" hostname="PKLAPTOP" name="introRestAssured.GetBoardTrello" tests="1" failures="0" timestamp="2021-03-05T20:18:08 EST" time="3.255" errors="0">
  <testcase name="getTrello" time="3.255" classname="introRestAssured.GetBoardTrello"/>
  <system-out/>
</testsuite> <!-- introRestAssured.GetBoardTrello -->
