<?xml version="1.0" encoding="UTF-8"?>
<!-- Generated by org.testng.reporters.JUnitReportReporter -->
<testsuite skipped="0" hostname="PKLAPTOP" name="introRestAssured.Basic" tests="1" failures="0" timestamp="05 Mar 2021 22:19:29 GMT" time="2.010" errors="0">
  <testcase name="getweatherDetails" time="2.010" classname="introRestAssured.Basic"/>
</testsuite> <!-- introRestAssured.Basic -->
