<?xml version="1.0" encoding="UTF-8"?>
<!-- Generated by org.testng.reporters.JUnitReportReporter -->
<testsuite skipped="0" hostname="PKLAPTOP" name="introRestAssured.Post" tests="1" failures="0" timestamp="2021-03-04T21:10:16 EST" time="4.352" errors="0">
  <testcase name="postNewCustomer" time="4.352" classname="introRestAssured.Post"/>
  <system-out/>
</testsuite> <!-- introRestAssured.Post -->
